2025-04-08 17:27:18,709 - __main__ - INFO - Starting POD Automation System...
2025-04-08 17:29:19,560 - pod_automation.api.etsy_api - WARNING - Etsy shop ID not set. Please set it in the configuration.
2025-04-08 17:32:27,336 - __main__ - INFO - Starting POD Automation System...
2025-04-08 17:32:40,149 - pod_automation.api.etsy_api - WARNING - Etsy shop ID not set. Please set it in the configuration.
2025-04-08 17:32:40,473 - pod_automation.api.printify_api - ERROR - Error making request to Printify API: 404 Client Error: Not Found for url: https://api.printify.com/v1/shops/18472557
2025-04-08 17:32:40,473 - pod_automation.api.printify_api - INFO - Retrying request (1/3)...
2025-04-08 17:32:41,878 - pod_automation.api.printify_api - ERROR - Error making request to Printify API: 404 Client Error: Not Found for url: https://api.printify.com/v1/shops/18472557
2025-04-08 17:32:41,879 - pod_automation.api.printify_api - INFO - Retrying request (2/3)...
2025-04-08 17:32:44,131 - pod_automation.api.printify_api - ERROR - Error making request to Printify API: 404 Client Error: Not Found for url: https://api.printify.com/v1/shops/18472557
2025-04-08 17:32:44,131 - pod_automation.api.printify_api - INFO - Retrying request (3/3)...
2025-04-08 17:32:48,481 - pod_automation.api.printify_api - ERROR - Error making request to Printify API: 404 Client Error: Not Found for url: https://api.printify.com/v1/shops/18472557
2025-04-08 17:32:48,481 - __main__ - ERROR - Failed to connect to Printify API: Failed to make request to Printify API after retries: 404 Client Error: Not Found for url: https://api.printify.com/v1/shops/18472557
2025-04-08 17:32:48,482 - __main__ - INFO - No Etsy access token found. Starting OAuth flow...
2025-04-08 17:32:48,482 - pod_automation.api.etsy_api - INFO - Opening browser to authorize application...
2025-04-08 17:32:48,482 - pod_automation.api.etsy_api - INFO - If the browser doesn't open automatically, please visit this URL:
https://www.etsy.com/oauth/connect?response_type=code&client_id=292qaa36xg6m5yw9ttoss6c7&redirect_uri=http://localhost:3000/oauth/redirect&scope=listings_r listings_w&state=random_state
2025-04-08 17:32:48,482 - pod_automation.api.etsy_api - INFO - Waiting for authorization callback on localhost:3000...
2025-04-08 17:34:07,113 - pod_automation.api.etsy_api - ERROR - Authentication failed or timed out.
2025-04-08 17:34:07,113 - __main__ - ERROR - Etsy authentication failed.
2025-04-08 17:34:07,113 - __main__ - INFO - 
=== API Connection Summary ===
2025-04-08 17:34:07,113 - __main__ - INFO - Printify API: FAILED
2025-04-08 17:34:07,113 - __main__ - INFO - Etsy API: FAILED
2025-04-08 17:34:07,113 - __main__ - WARNING - Some API connections failed. Please check the logs for details.
